[0.469s] DEBUG:colcon:Command line arguments: ['/home/andrew/.local/bin/colcon', 'build', '--packages-select', 'roboarm']
[0.469s] DEBUG:colcon:Parsed command line arguments: Namespace(log_base=None, log_level=None, verb_name='build', build_base='build', install_base='install', merge_install=False, symlink_install=False, test_result_base=None, continue_on_error=False, executor='parallel', parallel_workers=2, event_handlers=None, ignore_user_meta=False, metas=['./colcon.meta'], base_paths=['.'], packages_ignore=None, packages_ignore_regex=None, paths=None, packages_up_to=None, packages_up_to_regex=None, packages_above=None, packages_above_and_dependencies=None, packages_above_depth=None, packages_select_by_dep=None, packages_skip_by_dep=None, packages_skip_up_to=None, packages_select_build_failed=False, packages_skip_build_finished=False, packages_select_test_failures=False, packages_skip_test_passed=False, packages_select=['roboarm'], packages_skip=None, packages_select_regex=None, packages_skip_regex=None, packages_start=None, packages_end=None, allow_overriding=[], cmake_args=None, cmake_target=None, cmake_target_skip_unavailable=False, cmake_clean_cache=False, cmake_clean_first=False, cmake_force_configure=False, ament_cmake_args=None, catkin_cmake_args=None, catkin_skip_building_tests=False, verb_parser=<colcon_defaults.argument_parser.defaults.DefaultArgumentsDecorator object at 0x7f8b17eee0b0>, verb_extension=<colcon_core.verb.build.BuildVerb object at 0x7f8b18825450>, main=<bound method BuildVerb.main of <colcon_core.verb.build.BuildVerb object at 0x7f8b18825450>>)
[0.501s] Level 1:colcon.colcon_core.package_discovery:discover_packages(colcon_meta) check parameters
[0.501s] Level 1:colcon.colcon_core.package_discovery:discover_packages(recursive) check parameters
[0.501s] Level 1:colcon.colcon_core.package_discovery:discover_packages(ignore) check parameters
[0.501s] Level 1:colcon.colcon_core.package_discovery:discover_packages(path) check parameters
[0.501s] Level 1:colcon.colcon_core.package_discovery:discover_packages(colcon_meta) discover
[0.501s] Level 1:colcon.colcon_core.package_discovery:discover_packages(recursive) discover
[0.502s] INFO:colcon.colcon_core.package_discovery:Crawling recursively for packages in '/home/andrew/rviz2_ws/src/roboarm'
[0.502s] Level 1:colcon.colcon_core.package_identification:_identify(.) by extensions ['ignore', 'ignore_ament_install']
[0.502s] Level 1:colcon.colcon_core.package_identification:_identify(.) by extension 'ignore'
[0.502s] Level 1:colcon.colcon_core.package_identification:_identify(.) by extension 'ignore_ament_install'
[0.502s] Level 1:colcon.colcon_core.package_identification:_identify(.) by extensions ['colcon_pkg']
[0.502s] Level 1:colcon.colcon_core.package_identification:_identify(.) by extension 'colcon_pkg'
[0.502s] Level 1:colcon.colcon_core.package_identification:_identify(.) by extensions ['colcon_meta']
[0.502s] Level 1:colcon.colcon_core.package_identification:_identify(.) by extension 'colcon_meta'
[0.502s] Level 1:colcon.colcon_core.package_identification:_identify(.) by extensions ['ros']
[0.502s] Level 1:colcon.colcon_core.package_identification:_identify(.) by extension 'ros'
[0.516s] DEBUG:colcon.colcon_core.package_identification:Package '.' with type 'ros.ament_cmake' and name 'roboarm'
[0.516s] Level 1:colcon.colcon_core.package_discovery:discover_packages(recursive) using defaults
[0.516s] Level 1:colcon.colcon_core.package_discovery:discover_packages(ignore) discover
[0.517s] Level 1:colcon.colcon_core.package_discovery:discover_packages(ignore) using defaults
[0.517s] Level 1:colcon.colcon_core.package_discovery:discover_packages(path) discover
[0.517s] Level 1:colcon.colcon_core.package_discovery:discover_packages(path) using defaults
[0.551s] Level 1:colcon.colcon_core.package_discovery:discover_packages(prefix_path) check parameters
[0.551s] Level 1:colcon.colcon_core.package_discovery:discover_packages(prefix_path) discover
[0.561s] DEBUG:colcon.colcon_installed_package_information.package_discovery:Found 1 installed packages in /home/andrew/rviz2_ws/src/roboarm/install
[0.564s] DEBUG:colcon.colcon_installed_package_information.package_discovery:Found 273 installed packages in /opt/ros/humble
[0.566s] Level 1:colcon.colcon_core.package_discovery:discover_packages(prefix_path) using defaults
[0.639s] Level 5:colcon.colcon_core.verb:set package 'roboarm' build argument 'cmake_args' from command line to 'None'
[0.639s] Level 5:colcon.colcon_core.verb:set package 'roboarm' build argument 'cmake_target' from command line to 'None'
[0.639s] Level 5:colcon.colcon_core.verb:set package 'roboarm' build argument 'cmake_target_skip_unavailable' from command line to 'False'
[0.639s] Level 5:colcon.colcon_core.verb:set package 'roboarm' build argument 'cmake_clean_cache' from command line to 'False'
[0.639s] Level 5:colcon.colcon_core.verb:set package 'roboarm' build argument 'cmake_clean_first' from command line to 'False'
[0.639s] Level 5:colcon.colcon_core.verb:set package 'roboarm' build argument 'cmake_force_configure' from command line to 'False'
[0.639s] Level 5:colcon.colcon_core.verb:set package 'roboarm' build argument 'ament_cmake_args' from command line to 'None'
[0.639s] Level 5:colcon.colcon_core.verb:set package 'roboarm' build argument 'catkin_cmake_args' from command line to 'None'
[0.639s] Level 5:colcon.colcon_core.verb:set package 'roboarm' build argument 'catkin_skip_building_tests' from command line to 'False'
[0.639s] DEBUG:colcon.colcon_core.verb:Building package 'roboarm' with the following arguments: {'ament_cmake_args': None, 'build_base': '/home/andrew/rviz2_ws/src/roboarm/build/roboarm', 'catkin_cmake_args': None, 'catkin_skip_building_tests': False, 'cmake_args': None, 'cmake_clean_cache': False, 'cmake_clean_first': False, 'cmake_force_configure': False, 'cmake_target': None, 'cmake_target_skip_unavailable': False, 'install_base': '/home/andrew/rviz2_ws/src/roboarm/install/roboarm', 'merge_install': False, 'path': '/home/andrew/rviz2_ws/src/roboarm', 'symlink_install': False, 'test_result_base': None}
[0.641s] INFO:colcon.colcon_core.executor:Executing jobs using 'parallel' executor
[0.651s] DEBUG:colcon.colcon_parallel_executor.executor.parallel:run_until_complete
[0.651s] INFO:colcon.colcon_ros.task.ament_cmake.build:Building ROS package in '/home/andrew/rviz2_ws/src/roboarm' with build type 'ament_cmake'
[0.651s] INFO:colcon.colcon_cmake.task.cmake.build:Building CMake package in '/home/andrew/rviz2_ws/src/roboarm'
[0.661s] INFO:colcon.colcon_core.plugin_system:Skipping extension 'colcon_core.shell.bat': Not used on non-Windows systems
[0.661s] INFO:colcon.colcon_core.shell:Skip shell extension 'powershell' for command environment: Not usable outside of PowerShell
[0.661s] DEBUG:colcon.colcon_core.shell:Skip shell extension 'dsv' for command environment
[0.686s] DEBUG:colcon.colcon_core.event_handler.log_command:Invoking command in '/home/andrew/rviz2_ws/src/roboarm/build/roboarm': CMAKE_PREFIX_PATH=${CMAKE_PREFIX_PATH}:/opt/ros/humble /usr/local/bin/cmake --build /home/andrew/rviz2_ws/src/roboarm/build/roboarm -- -j2 -l2
[0.712s] DEBUG:colcon.colcon_core.event_handler.log_command:Invoked command in '/home/andrew/rviz2_ws/src/roboarm/build/roboarm' returned '0': CMAKE_PREFIX_PATH=${CMAKE_PREFIX_PATH}:/opt/ros/humble /usr/local/bin/cmake --build /home/andrew/rviz2_ws/src/roboarm/build/roboarm -- -j2 -l2
[0.743s] DEBUG:colcon.colcon_core.event_handler.log_command:Invoking command in '/home/andrew/rviz2_ws/src/roboarm/build/roboarm': CMAKE_PREFIX_PATH=${CMAKE_PREFIX_PATH}:/opt/ros/humble /usr/local/bin/cmake --install /home/andrew/rviz2_ws/src/roboarm/build/roboarm
[0.754s] Level 1:colcon.colcon_core.environment:create_environment_scripts_only(roboarm)
[0.756s] DEBUG:colcon.colcon_core.event_handler.log_command:Invoked command in '/home/andrew/rviz2_ws/src/roboarm/build/roboarm' returned '0': CMAKE_PREFIX_PATH=${CMAKE_PREFIX_PATH}:/opt/ros/humble /usr/local/bin/cmake --install /home/andrew/rviz2_ws/src/roboarm/build/roboarm
[0.766s] Level 1:colcon.colcon_core.environment:checking '/home/andrew/rviz2_ws/src/roboarm/install/roboarm' for CMake module files
[0.767s] Level 1:colcon.colcon_core.environment:checking '/home/andrew/rviz2_ws/src/roboarm/install/roboarm' for CMake config files
[0.768s] Level 1:colcon.colcon_core.shell:create_environment_hook('roboarm', 'cmake_prefix_path')
[0.777s] INFO:colcon.colcon_core.shell:Creating environment hook '/home/andrew/rviz2_ws/src/roboarm/install/roboarm/share/roboarm/hook/cmake_prefix_path.ps1'
[0.778s] INFO:colcon.colcon_core.shell:Creating environment descriptor '/home/andrew/rviz2_ws/src/roboarm/install/roboarm/share/roboarm/hook/cmake_prefix_path.dsv'
[0.778s] INFO:colcon.colcon_core.shell:Creating environment hook '/home/andrew/rviz2_ws/src/roboarm/install/roboarm/share/roboarm/hook/cmake_prefix_path.sh'
[0.779s] Level 1:colcon.colcon_core.environment:checking '/home/andrew/rviz2_ws/src/roboarm/install/roboarm/bin'
[0.779s] Level 1:colcon.colcon_core.environment:checking '/home/andrew/rviz2_ws/src/roboarm/install/roboarm/lib/pkgconfig/roboarm.pc'
[0.779s] Level 1:colcon.colcon_core.environment:checking '/home/andrew/rviz2_ws/src/roboarm/install/roboarm/lib/python3.10/site-packages'
[0.780s] Level 1:colcon.colcon_core.environment:checking '/home/andrew/rviz2_ws/src/roboarm/install/roboarm/bin'
[0.784s] INFO:colcon.colcon_core.shell:Creating package script '/home/andrew/rviz2_ws/src/roboarm/install/roboarm/share/roboarm/package.ps1'
[0.785s] INFO:colcon.colcon_core.shell:Creating package descriptor '/home/andrew/rviz2_ws/src/roboarm/install/roboarm/share/roboarm/package.dsv'
[0.786s] INFO:colcon.colcon_core.shell:Creating package script '/home/andrew/rviz2_ws/src/roboarm/install/roboarm/share/roboarm/package.sh'
[0.787s] INFO:colcon.colcon_core.shell:Creating package script '/home/andrew/rviz2_ws/src/roboarm/install/roboarm/share/roboarm/package.bash'
[0.789s] INFO:colcon.colcon_core.shell:Creating package script '/home/andrew/rviz2_ws/src/roboarm/install/roboarm/share/roboarm/package.zsh'
[0.790s] Level 1:colcon.colcon_core.environment:create_file_with_runtime_dependencies(/home/andrew/rviz2_ws/src/roboarm/install/roboarm/share/colcon-core/packages/roboarm)
[0.819s] Level 1:colcon.colcon_core.environment:create_environment_scripts_only(roboarm)
[0.825s] Level 1:colcon.colcon_core.environment:checking '/home/andrew/rviz2_ws/src/roboarm/install/roboarm' for CMake module files
[0.826s] Level 1:colcon.colcon_core.environment:checking '/home/andrew/rviz2_ws/src/roboarm/install/roboarm' for CMake config files
[0.826s] Level 1:colcon.colcon_core.shell:create_environment_hook('roboarm', 'cmake_prefix_path')
[0.830s] INFO:colcon.colcon_core.shell:Creating environment hook '/home/andrew/rviz2_ws/src/roboarm/install/roboarm/share/roboarm/hook/cmake_prefix_path.ps1'
[0.831s] INFO:colcon.colcon_core.shell:Creating environment descriptor '/home/andrew/rviz2_ws/src/roboarm/install/roboarm/share/roboarm/hook/cmake_prefix_path.dsv'
[0.832s] INFO:colcon.colcon_core.shell:Creating environment hook '/home/andrew/rviz2_ws/src/roboarm/install/roboarm/share/roboarm/hook/cmake_prefix_path.sh'
[0.835s] Level 1:colcon.colcon_core.environment:checking '/home/andrew/rviz2_ws/src/roboarm/install/roboarm/bin'
[0.835s] Level 1:colcon.colcon_core.environment:checking '/home/andrew/rviz2_ws/src/roboarm/install/roboarm/lib/pkgconfig/roboarm.pc'
[0.836s] Level 1:colcon.colcon_core.environment:checking '/home/andrew/rviz2_ws/src/roboarm/install/roboarm/lib/python3.10/site-packages'
[0.836s] Level 1:colcon.colcon_core.environment:checking '/home/andrew/rviz2_ws/src/roboarm/install/roboarm/bin'
[0.843s] INFO:colcon.colcon_core.shell:Creating package script '/home/andrew/rviz2_ws/src/roboarm/install/roboarm/share/roboarm/package.ps1'
[0.844s] INFO:colcon.colcon_core.shell:Creating package descriptor '/home/andrew/rviz2_ws/src/roboarm/install/roboarm/share/roboarm/package.dsv'
[0.844s] INFO:colcon.colcon_core.shell:Creating package script '/home/andrew/rviz2_ws/src/roboarm/install/roboarm/share/roboarm/package.sh'
[0.845s] INFO:colcon.colcon_core.shell:Creating package script '/home/andrew/rviz2_ws/src/roboarm/install/roboarm/share/roboarm/package.bash'
[0.846s] INFO:colcon.colcon_core.shell:Creating package script '/home/andrew/rviz2_ws/src/roboarm/install/roboarm/share/roboarm/package.zsh'
[0.846s] Level 1:colcon.colcon_core.environment:create_file_with_runtime_dependencies(/home/andrew/rviz2_ws/src/roboarm/install/roboarm/share/colcon-core/packages/roboarm)
[0.847s] DEBUG:colcon.colcon_parallel_executor.executor.parallel:closing loop
[0.847s] DEBUG:colcon.colcon_parallel_executor.executor.parallel:loop closed
[0.847s] DEBUG:colcon.colcon_parallel_executor.executor.parallel:run_until_complete finished with '0'
[0.847s] DEBUG:colcon.colcon_core.event_reactor:joining thread
[0.857s] INFO:colcon.colcon_core.plugin_system:Skipping extension 'colcon_notification.desktop_notification.terminal_notifier': Not used on non-Darwin systems
[0.857s] INFO:colcon.colcon_core.plugin_system:Skipping extension 'colcon_notification.desktop_notification.win32': Not used on non-Windows systems
[0.857s] INFO:colcon.colcon_notification.desktop_notification:Sending desktop notification using 'notify2'
[0.872s] DEBUG:colcon.colcon_core.event_reactor:joined thread
[0.876s] INFO:colcon.colcon_core.shell:Creating prefix script '/home/andrew/rviz2_ws/src/roboarm/install/local_setup.ps1'
[0.877s] INFO:colcon.colcon_core.shell:Creating prefix util module '/home/andrew/rviz2_ws/src/roboarm/install/_local_setup_util_ps1.py'
[0.882s] INFO:colcon.colcon_core.shell:Creating prefix chain script '/home/andrew/rviz2_ws/src/roboarm/install/setup.ps1'
[0.887s] INFO:colcon.colcon_core.shell:Creating prefix script '/home/andrew/rviz2_ws/src/roboarm/install/local_setup.sh'
[0.888s] INFO:colcon.colcon_core.shell:Creating prefix util module '/home/andrew/rviz2_ws/src/roboarm/install/_local_setup_util_sh.py'
[0.888s] INFO:colcon.colcon_core.shell:Creating prefix chain script '/home/andrew/rviz2_ws/src/roboarm/install/setup.sh'
[0.894s] INFO:colcon.colcon_core.shell:Creating prefix script '/home/andrew/rviz2_ws/src/roboarm/install/local_setup.bash'
[0.895s] INFO:colcon.colcon_core.shell:Creating prefix chain script '/home/andrew/rviz2_ws/src/roboarm/install/setup.bash'
[0.900s] INFO:colcon.colcon_core.shell:Creating prefix script '/home/andrew/rviz2_ws/src/roboarm/install/local_setup.zsh'
[0.902s] INFO:colcon.colcon_core.shell:Creating prefix chain script '/home/andrew/rviz2_ws/src/roboarm/install/setup.zsh'
