[0.028s] Invoking command in '/home/andrew/rviz2_ws/build/roboarm': CMAKE_PREFIX_PATH=/opt/ros/humble /usr/local/bin/cmake /home/andrew/rviz2_ws/src/roboarm -DCMAKE_INSTALL_PREFIX=/home/andrew/rviz2_ws/install/roboarm
[0.106s] -- The C compiler identification is GNU 11.2.0
[0.173s] -- The CXX compiler identification is GNU 11.2.0
[0.179s] -- Detecting C compiler ABI info
[0.233s] -- Detecting C compiler ABI info - done
[0.241s] -- Check for working C compiler: /usr/bin/cc - skipped
[0.241s] -- Detecting C compile features
[0.241s] -- Detecting C compile features - done
[0.243s] -- Detecting CXX compiler ABI info
[0.304s] -- Detecting CXX compiler ABI info - done
[0.311s] -- Check for working CXX compiler: /usr/bin/c++ - skipped
[0.312s] -- Detecting CXX compile features
[0.312s] -- Detecting CXX compile features - done
[0.316s] -- Found ament_cmake: 1.3.2 (/opt/ros/humble/share/ament_cmake/cmake)
[0.437s] -- Found Python3: /usr/bin/python3.10 (found version "3.10.4") found components: Interpreter 
[0.541s] -- Found ament_lint_auto: 0.12.4 (/opt/ros/humble/share/ament_lint_auto/cmake)
[0.621s] -- Added test 'lint_cmake' to check CMake code style
[0.624s] -- Added test 'xmllint' to check XML markup files
[0.627s] -- Configuring done
[0.628s] -- Generating done
[0.629s] -- Build files have been written to: /home/andrew/rviz2_ws/build/roboarm
[0.633s] Invoked command in '/home/andrew/rviz2_ws/build/roboarm' returned '0': CMAKE_PREFIX_PATH=/opt/ros/humble /usr/local/bin/cmake /home/andrew/rviz2_ws/src/roboarm -DCMAKE_INSTALL_PREFIX=/home/andrew/rviz2_ws/install/roboarm
[0.634s] Invoking command in '/home/andrew/rviz2_ws/build/roboarm': CMAKE_PREFIX_PATH=/opt/ros/humble /usr/local/bin/cmake --build /home/andrew/rviz2_ws/build/roboarm -- -j2 -l2
[0.654s] Invoked command in '/home/andrew/rviz2_ws/build/roboarm' returned '0': CMAKE_PREFIX_PATH=/opt/ros/humble /usr/local/bin/cmake --build /home/andrew/rviz2_ws/build/roboarm -- -j2 -l2
[0.675s] Invoking command in '/home/andrew/rviz2_ws/build/roboarm': CMAKE_PREFIX_PATH=/opt/ros/humble /usr/local/bin/cmake --install /home/andrew/rviz2_ws/build/roboarm
[0.681s] -- Install configuration: ""
[0.681s] -- Installing: /home/andrew/rviz2_ws/install/roboarm/share/ament_index/resource_index/package_run_dependencies/roboarm
[0.681s] -- Installing: /home/andrew/rviz2_ws/install/roboarm/share/ament_index/resource_index/parent_prefix_path/roboarm
[0.681s] -- Installing: /home/andrew/rviz2_ws/install/roboarm/share/roboarm/environment/ament_prefix_path.sh
[0.681s] -- Installing: /home/andrew/rviz2_ws/install/roboarm/share/roboarm/environment/ament_prefix_path.dsv
[0.681s] -- Installing: /home/andrew/rviz2_ws/install/roboarm/share/roboarm/environment/path.sh
[0.681s] -- Installing: /home/andrew/rviz2_ws/install/roboarm/share/roboarm/environment/path.dsv
[0.683s] -- Installing: /home/andrew/rviz2_ws/install/roboarm/share/roboarm/local_setup.bash
[0.686s] -- Installing: /home/andrew/rviz2_ws/install/roboarm/share/roboarm/local_setup.sh
[0.686s] -- Installing: /home/andrew/rviz2_ws/install/roboarm/share/roboarm/local_setup.zsh
[0.686s] -- Installing: /home/andrew/rviz2_ws/install/roboarm/share/roboarm/local_setup.dsv
[0.686s] -- Installing: /home/andrew/rviz2_ws/install/roboarm/share/roboarm/package.dsv
[0.686s] -- Installing: /home/andrew/rviz2_ws/install/roboarm/share/ament_index/resource_index/packages/roboarm
[0.687s] -- Installing: /home/andrew/rviz2_ws/install/roboarm/share/roboarm/cmake/roboarmConfig.cmake
[0.687s] -- Installing: /home/andrew/rviz2_ws/install/roboarm/share/roboarm/cmake/roboarmConfig-version.cmake
[0.687s] -- Installing: /home/andrew/rviz2_ws/install/roboarm/share/roboarm/package.xml
[0.689s] Invoked command in '/home/andrew/rviz2_ws/build/roboarm' returned '0': CMAKE_PREFIX_PATH=/opt/ros/humble /usr/local/bin/cmake --install /home/andrew/rviz2_ws/build/roboarm
