[0.427s] DEBUG:colcon:Command line arguments: ['/home/andrew/.local/bin/colcon', 'build', '--packages-select', 'roboarm']
[0.427s] DEBUG:colcon:Parsed command line arguments: Namespace(log_base=None, log_level=None, verb_name='build', build_base='build', install_base='install', merge_install=False, symlink_install=False, test_result_base=None, continue_on_error=False, executor='parallel', parallel_workers=2, event_handlers=None, ignore_user_meta=False, metas=['./colcon.meta'], base_paths=['.'], packages_ignore=None, packages_ignore_regex=None, paths=None, packages_up_to=None, packages_up_to_regex=None, packages_above=None, packages_above_and_dependencies=None, packages_above_depth=None, packages_select_by_dep=None, packages_skip_by_dep=None, packages_skip_up_to=None, packages_select_build_failed=False, packages_skip_build_finished=False, packages_select_test_failures=False, packages_skip_test_passed=False, packages_select=['roboarm'], packages_skip=None, packages_select_regex=None, packages_skip_regex=None, packages_start=None, packages_end=None, allow_overriding=[], cmake_args=None, cmake_target=None, cmake_target_skip_unavailable=False, cmake_clean_cache=False, cmake_clean_first=False, cmake_force_configure=False, ament_cmake_args=None, catkin_cmake_args=None, catkin_skip_building_tests=False, verb_parser=<colcon_defaults.argument_parser.defaults.DefaultArgumentsDecorator object at 0x7f9b2a65dc90>, verb_extension=<colcon_core.verb.build.BuildVerb object at 0x7f9b2af937f0>, main=<bound method BuildVerb.main of <colcon_core.verb.build.BuildVerb object at 0x7f9b2af937f0>>)
[0.453s] Level 1:colcon.colcon_core.package_discovery:discover_packages(colcon_meta) check parameters
[0.453s] Level 1:colcon.colcon_core.package_discovery:discover_packages(recursive) check parameters
[0.453s] Level 1:colcon.colcon_core.package_discovery:discover_packages(ignore) check parameters
[0.454s] Level 1:colcon.colcon_core.package_discovery:discover_packages(path) check parameters
[0.454s] Level 1:colcon.colcon_core.package_discovery:discover_packages(colcon_meta) discover
[0.454s] Level 1:colcon.colcon_core.package_discovery:discover_packages(recursive) discover
[0.454s] INFO:colcon.colcon_core.package_discovery:Crawling recursively for packages in '/home/andrew/rviz2_ws/src/roboarm'
[0.454s] Level 1:colcon.colcon_core.package_identification:_identify(.) by extensions ['ignore', 'ignore_ament_install']
[0.454s] Level 1:colcon.colcon_core.package_identification:_identify(.) by extension 'ignore'
[0.454s] Level 1:colcon.colcon_core.package_identification:_identify(.) by extension 'ignore_ament_install'
[0.454s] Level 1:colcon.colcon_core.package_identification:_identify(.) by extensions ['colcon_pkg']
[0.454s] Level 1:colcon.colcon_core.package_identification:_identify(.) by extension 'colcon_pkg'
[0.454s] Level 1:colcon.colcon_core.package_identification:_identify(.) by extensions ['colcon_meta']
[0.454s] Level 1:colcon.colcon_core.package_identification:_identify(.) by extension 'colcon_meta'
[0.454s] Level 1:colcon.colcon_core.package_identification:_identify(.) by extensions ['ros']
[0.454s] Level 1:colcon.colcon_core.package_identification:_identify(.) by extension 'ros'
[0.466s] DEBUG:colcon.colcon_core.package_identification:Package '.' with type 'ros.ament_cmake' and name 'roboarm'
[0.466s] Level 1:colcon.colcon_core.package_discovery:discover_packages(recursive) using defaults
[0.466s] Level 1:colcon.colcon_core.package_discovery:discover_packages(ignore) discover
[0.466s] Level 1:colcon.colcon_core.package_discovery:discover_packages(ignore) using defaults
[0.466s] Level 1:colcon.colcon_core.package_discovery:discover_packages(path) discover
[0.466s] Level 1:colcon.colcon_core.package_discovery:discover_packages(path) using defaults
[0.494s] Level 1:colcon.colcon_core.package_discovery:discover_packages(prefix_path) check parameters
[0.494s] Level 1:colcon.colcon_core.package_discovery:discover_packages(prefix_path) discover
[0.501s] DEBUG:colcon.colcon_installed_package_information.package_discovery:Found 1 installed packages in /home/andrew/rviz2_ws/src/roboarm/install
[0.505s] DEBUG:colcon.colcon_installed_package_information.package_discovery:Found 273 installed packages in /opt/ros/humble
[0.506s] Level 1:colcon.colcon_core.package_discovery:discover_packages(prefix_path) using defaults
[0.566s] Level 5:colcon.colcon_core.verb:set package 'roboarm' build argument 'cmake_args' from command line to 'None'
[0.566s] Level 5:colcon.colcon_core.verb:set package 'roboarm' build argument 'cmake_target' from command line to 'None'
[0.566s] Level 5:colcon.colcon_core.verb:set package 'roboarm' build argument 'cmake_target_skip_unavailable' from command line to 'False'
[0.566s] Level 5:colcon.colcon_core.verb:set package 'roboarm' build argument 'cmake_clean_cache' from command line to 'False'
[0.566s] Level 5:colcon.colcon_core.verb:set package 'roboarm' build argument 'cmake_clean_first' from command line to 'False'
[0.566s] Level 5:colcon.colcon_core.verb:set package 'roboarm' build argument 'cmake_force_configure' from command line to 'False'
[0.566s] Level 5:colcon.colcon_core.verb:set package 'roboarm' build argument 'ament_cmake_args' from command line to 'None'
[0.566s] Level 5:colcon.colcon_core.verb:set package 'roboarm' build argument 'catkin_cmake_args' from command line to 'None'
[0.566s] Level 5:colcon.colcon_core.verb:set package 'roboarm' build argument 'catkin_skip_building_tests' from command line to 'False'
[0.566s] DEBUG:colcon.colcon_core.verb:Building package 'roboarm' with the following arguments: {'ament_cmake_args': None, 'build_base': '/home/andrew/rviz2_ws/src/roboarm/build/roboarm', 'catkin_cmake_args': None, 'catkin_skip_building_tests': False, 'cmake_args': None, 'cmake_clean_cache': False, 'cmake_clean_first': False, 'cmake_force_configure': False, 'cmake_target': None, 'cmake_target_skip_unavailable': False, 'install_base': '/home/andrew/rviz2_ws/src/roboarm/install/roboarm', 'merge_install': False, 'path': '/home/andrew/rviz2_ws/src/roboarm', 'symlink_install': False, 'test_result_base': None}
[0.567s] INFO:colcon.colcon_core.executor:Executing jobs using 'parallel' executor
[0.576s] DEBUG:colcon.colcon_parallel_executor.executor.parallel:run_until_complete
[0.577s] INFO:colcon.colcon_ros.task.ament_cmake.build:Building ROS package in '/home/andrew/rviz2_ws/src/roboarm' with build type 'ament_cmake'
[0.577s] INFO:colcon.colcon_cmake.task.cmake.build:Building CMake package in '/home/andrew/rviz2_ws/src/roboarm'
[0.585s] INFO:colcon.colcon_core.plugin_system:Skipping extension 'colcon_core.shell.bat': Not used on non-Windows systems
[0.585s] INFO:colcon.colcon_core.shell:Skip shell extension 'powershell' for command environment: Not usable outside of PowerShell
[0.585s] DEBUG:colcon.colcon_core.shell:Skip shell extension 'dsv' for command environment
[0.602s] DEBUG:colcon.colcon_core.event_handler.log_command:Invoking command in '/home/andrew/rviz2_ws/src/roboarm/build/roboarm': CMAKE_PREFIX_PATH=${CMAKE_PREFIX_PATH}:/opt/ros/humble /usr/local/bin/cmake --build /home/andrew/rviz2_ws/src/roboarm/build/roboarm -- -j2 -l2
[0.621s] DEBUG:colcon.colcon_core.event_handler.log_command:Invoked command in '/home/andrew/rviz2_ws/src/roboarm/build/roboarm' returned '0': CMAKE_PREFIX_PATH=${CMAKE_PREFIX_PATH}:/opt/ros/humble /usr/local/bin/cmake --build /home/andrew/rviz2_ws/src/roboarm/build/roboarm -- -j2 -l2
[0.640s] DEBUG:colcon.colcon_core.event_handler.log_command:Invoking command in '/home/andrew/rviz2_ws/src/roboarm/build/roboarm': CMAKE_PREFIX_PATH=${CMAKE_PREFIX_PATH}:/opt/ros/humble /usr/local/bin/cmake --install /home/andrew/rviz2_ws/src/roboarm/build/roboarm
[0.650s] Level 1:colcon.colcon_core.environment:create_environment_scripts_only(roboarm)
[0.652s] DEBUG:colcon.colcon_core.event_handler.log_command:Invoked command in '/home/andrew/rviz2_ws/src/roboarm/build/roboarm' returned '0': CMAKE_PREFIX_PATH=${CMAKE_PREFIX_PATH}:/opt/ros/humble /usr/local/bin/cmake --install /home/andrew/rviz2_ws/src/roboarm/build/roboarm
[0.657s] Level 1:colcon.colcon_core.environment:checking '/home/andrew/rviz2_ws/src/roboarm/install/roboarm' for CMake module files
[0.658s] Level 1:colcon.colcon_core.environment:checking '/home/andrew/rviz2_ws/src/roboarm/install/roboarm' for CMake config files
[0.658s] Level 1:colcon.colcon_core.shell:create_environment_hook('roboarm', 'cmake_prefix_path')
[0.661s] INFO:colcon.colcon_core.shell:Creating environment hook '/home/andrew/rviz2_ws/src/roboarm/install/roboarm/share/roboarm/hook/cmake_prefix_path.ps1'
[0.662s] INFO:colcon.colcon_core.shell:Creating environment descriptor '/home/andrew/rviz2_ws/src/roboarm/install/roboarm/share/roboarm/hook/cmake_prefix_path.dsv'
[0.662s] INFO:colcon.colcon_core.shell:Creating environment hook '/home/andrew/rviz2_ws/src/roboarm/install/roboarm/share/roboarm/hook/cmake_prefix_path.sh'
[0.663s] Level 1:colcon.colcon_core.environment:checking '/home/andrew/rviz2_ws/src/roboarm/install/roboarm/bin'
[0.663s] Level 1:colcon.colcon_core.environment:checking '/home/andrew/rviz2_ws/src/roboarm/install/roboarm/lib/pkgconfig/roboarm.pc'
[0.663s] Level 1:colcon.colcon_core.environment:checking '/home/andrew/rviz2_ws/src/roboarm/install/roboarm/lib/python3.10/site-packages'
[0.663s] Level 1:colcon.colcon_core.environment:checking '/home/andrew/rviz2_ws/src/roboarm/install/roboarm/bin'
[0.666s] INFO:colcon.colcon_core.shell:Creating package script '/home/andrew/rviz2_ws/src/roboarm/install/roboarm/share/roboarm/package.ps1'
[0.667s] INFO:colcon.colcon_core.shell:Creating package descriptor '/home/andrew/rviz2_ws/src/roboarm/install/roboarm/share/roboarm/package.dsv'
[0.668s] INFO:colcon.colcon_core.shell:Creating package script '/home/andrew/rviz2_ws/src/roboarm/install/roboarm/share/roboarm/package.sh'
[0.668s] INFO:colcon.colcon_core.shell:Creating package script '/home/andrew/rviz2_ws/src/roboarm/install/roboarm/share/roboarm/package.bash'
[0.669s] INFO:colcon.colcon_core.shell:Creating package script '/home/andrew/rviz2_ws/src/roboarm/install/roboarm/share/roboarm/package.zsh'
[0.670s] Level 1:colcon.colcon_core.environment:create_file_with_runtime_dependencies(/home/andrew/rviz2_ws/src/roboarm/install/roboarm/share/colcon-core/packages/roboarm)
[0.687s] Level 1:colcon.colcon_core.environment:create_environment_scripts_only(roboarm)
[0.692s] Level 1:colcon.colcon_core.environment:checking '/home/andrew/rviz2_ws/src/roboarm/install/roboarm' for CMake module files
[0.692s] Level 1:colcon.colcon_core.environment:checking '/home/andrew/rviz2_ws/src/roboarm/install/roboarm' for CMake config files
[0.692s] Level 1:colcon.colcon_core.shell:create_environment_hook('roboarm', 'cmake_prefix_path')
[0.696s] INFO:colcon.colcon_core.shell:Creating environment hook '/home/andrew/rviz2_ws/src/roboarm/install/roboarm/share/roboarm/hook/cmake_prefix_path.ps1'
[0.696s] INFO:colcon.colcon_core.shell:Creating environment descriptor '/home/andrew/rviz2_ws/src/roboarm/install/roboarm/share/roboarm/hook/cmake_prefix_path.dsv'
[0.697s] INFO:colcon.colcon_core.shell:Creating environment hook '/home/andrew/rviz2_ws/src/roboarm/install/roboarm/share/roboarm/hook/cmake_prefix_path.sh'
[0.697s] Level 1:colcon.colcon_core.environment:checking '/home/andrew/rviz2_ws/src/roboarm/install/roboarm/bin'
[0.697s] Level 1:colcon.colcon_core.environment:checking '/home/andrew/rviz2_ws/src/roboarm/install/roboarm/lib/pkgconfig/roboarm.pc'
[0.697s] Level 1:colcon.colcon_core.environment:checking '/home/andrew/rviz2_ws/src/roboarm/install/roboarm/lib/python3.10/site-packages'
[0.698s] Level 1:colcon.colcon_core.environment:checking '/home/andrew/rviz2_ws/src/roboarm/install/roboarm/bin'
[0.702s] INFO:colcon.colcon_core.shell:Creating package script '/home/andrew/rviz2_ws/src/roboarm/install/roboarm/share/roboarm/package.ps1'
[0.702s] INFO:colcon.colcon_core.shell:Creating package descriptor '/home/andrew/rviz2_ws/src/roboarm/install/roboarm/share/roboarm/package.dsv'
[0.704s] INFO:colcon.colcon_core.shell:Creating package script '/home/andrew/rviz2_ws/src/roboarm/install/roboarm/share/roboarm/package.sh'
[0.704s] INFO:colcon.colcon_core.shell:Creating package script '/home/andrew/rviz2_ws/src/roboarm/install/roboarm/share/roboarm/package.bash'
[0.705s] INFO:colcon.colcon_core.shell:Creating package script '/home/andrew/rviz2_ws/src/roboarm/install/roboarm/share/roboarm/package.zsh'
[0.706s] Level 1:colcon.colcon_core.environment:create_file_with_runtime_dependencies(/home/andrew/rviz2_ws/src/roboarm/install/roboarm/share/colcon-core/packages/roboarm)
[0.707s] DEBUG:colcon.colcon_parallel_executor.executor.parallel:closing loop
[0.708s] DEBUG:colcon.colcon_parallel_executor.executor.parallel:loop closed
[0.708s] DEBUG:colcon.colcon_parallel_executor.executor.parallel:run_until_complete finished with '0'
[0.708s] DEBUG:colcon.colcon_core.event_reactor:joining thread
[0.716s] INFO:colcon.colcon_core.plugin_system:Skipping extension 'colcon_notification.desktop_notification.terminal_notifier': Not used on non-Darwin systems
[0.716s] INFO:colcon.colcon_core.plugin_system:Skipping extension 'colcon_notification.desktop_notification.win32': Not used on non-Windows systems
[0.716s] INFO:colcon.colcon_notification.desktop_notification:Sending desktop notification using 'notify2'
[0.728s] DEBUG:colcon.colcon_core.event_reactor:joined thread
[0.732s] INFO:colcon.colcon_core.shell:Creating prefix script '/home/andrew/rviz2_ws/src/roboarm/install/local_setup.ps1'
[0.732s] INFO:colcon.colcon_core.shell:Creating prefix util module '/home/andrew/rviz2_ws/src/roboarm/install/_local_setup_util_ps1.py'
[0.734s] INFO:colcon.colcon_core.shell:Creating prefix chain script '/home/andrew/rviz2_ws/src/roboarm/install/setup.ps1'
[0.741s] INFO:colcon.colcon_core.shell:Creating prefix script '/home/andrew/rviz2_ws/src/roboarm/install/local_setup.sh'
[0.741s] INFO:colcon.colcon_core.shell:Creating prefix util module '/home/andrew/rviz2_ws/src/roboarm/install/_local_setup_util_sh.py'
[0.742s] INFO:colcon.colcon_core.shell:Creating prefix chain script '/home/andrew/rviz2_ws/src/roboarm/install/setup.sh'
[0.746s] INFO:colcon.colcon_core.shell:Creating prefix script '/home/andrew/rviz2_ws/src/roboarm/install/local_setup.bash'
[0.747s] INFO:colcon.colcon_core.shell:Creating prefix chain script '/home/andrew/rviz2_ws/src/roboarm/install/setup.bash'
[0.751s] INFO:colcon.colcon_core.shell:Creating prefix script '/home/andrew/rviz2_ws/src/roboarm/install/local_setup.zsh'
[0.752s] INFO:colcon.colcon_core.shell:Creating prefix chain script '/home/andrew/rviz2_ws/src/roboarm/install/setup.zsh'
