[0.014s] Invoking command in '/home/andrew/rviz2_ws/src/build/urdf_tutorial': /usr/local/bin/cmake /home/andrew/rviz2_ws/src/src/urdf_tutorial -DCMAKE_INSTALL_PREFIX=/home/andrew/rviz2_ws/src/install/urdf_tutorial
[0.064s] -- The C compiler identification is GNU 11.2.0
[0.109s] -- The CXX compiler identification is GNU 11.2.0
[0.115s] -- Detecting C compiler ABI info
[0.163s] -- Detecting C compiler ABI info - done
[0.170s] -- Check for working C compiler: /usr/bin/cc - skipped
[0.170s] -- Detecting C compile features
[0.171s] -- Detecting C compile features - done
[0.175s] -- Detecting CXX compiler ABI info
[0.227s] -- Detecting CXX compiler ABI info - done
[0.235s] -- Check for working CXX compiler: /usr/bin/c++ - skipped
[0.235s] -- Detecting CXX compile features
[0.236s] -- Detecting CXX compile features - done
[0.244s] CMake Error at CMakeLists.txt:4 (find_package):
[0.244s]   By not providing "Findament_cmake.cmake" in CMAKE_MODULE_PATH this project
[0.244s]   has asked CMake to find a package configuration file provided by
[0.244s]   "ament_cmake", but CMake did not find one.
[0.244s] 
[0.244s]   Could not find a package configuration file provided by "ament_cmake" with
[0.245s]   any of the following names:
[0.245s] 
[0.245s]     ament_cmakeConfig.cmake
[0.245s]     ament_cmake-config.cmake
[0.245s] 
[0.245s]   Add the installation prefix of "ament_cmake" to CMAKE_PREFIX_PATH or set
[0.245s]   "ament_cmake_DIR" to a directory containing one of the above files.  If
[0.246s]   "ament_cmake" provides a separate development package or SDK, be sure it
[0.246s]   has been installed.
[0.246s] 
[0.246s] 
[0.246s] -- Configuring incomplete, errors occurred!
[0.246s] See also "/home/andrew/rviz2_ws/src/build/urdf_tutorial/CMakeFiles/CMakeOutput.log".
[0.249s] Invoked command in '/home/andrew/rviz2_ws/src/build/urdf_tutorial' returned '1': /usr/local/bin/cmake /home/andrew/rviz2_ws/src/src/urdf_tutorial -DCMAKE_INSTALL_PREFIX=/home/andrew/rviz2_ws/src/install/urdf_tutorial
