[0.426s] DEBUG:colcon:Command line arguments: ['/home/andrew/.local/bin/colcon', 'build', '--packages-select', 'roboarm']
[0.426s] DEBUG:colcon:Parsed command line arguments: Namespace(log_base=None, log_level=None, verb_name='build', build_base='build', install_base='install', merge_install=False, symlink_install=False, test_result_base=None, continue_on_error=False, executor='parallel', parallel_workers=2, event_handlers=None, ignore_user_meta=False, metas=['./colcon.meta'], base_paths=['.'], packages_ignore=None, packages_ignore_regex=None, paths=None, packages_up_to=None, packages_up_to_regex=None, packages_above=None, packages_above_and_dependencies=None, packages_above_depth=None, packages_select_by_dep=None, packages_skip_by_dep=None, packages_skip_up_to=None, packages_select_build_failed=False, packages_skip_build_finished=False, packages_select_test_failures=False, packages_skip_test_passed=False, packages_select=['roboarm'], packages_skip=None, packages_select_regex=None, packages_skip_regex=None, packages_start=None, packages_end=None, allow_overriding=[], cmake_args=None, cmake_target=None, cmake_target_skip_unavailable=False, cmake_clean_cache=False, cmake_clean_first=False, cmake_force_configure=False, ament_cmake_args=None, catkin_cmake_args=None, catkin_skip_building_tests=False, verb_parser=<colcon_defaults.argument_parser.defaults.DefaultArgumentsDecorator object at 0x7f16e9095f30>, verb_extension=<colcon_core.verb.build.BuildVerb object at 0x7f16e9242d10>, main=<bound method BuildVerb.main of <colcon_core.verb.build.BuildVerb object at 0x7f16e9242d10>>)
[0.452s] Level 1:colcon.colcon_core.package_discovery:discover_packages(colcon_meta) check parameters
[0.452s] Level 1:colcon.colcon_core.package_discovery:discover_packages(recursive) check parameters
[0.452s] Level 1:colcon.colcon_core.package_discovery:discover_packages(ignore) check parameters
[0.452s] Level 1:colcon.colcon_core.package_discovery:discover_packages(path) check parameters
[0.452s] Level 1:colcon.colcon_core.package_discovery:discover_packages(colcon_meta) discover
[0.452s] Level 1:colcon.colcon_core.package_discovery:discover_packages(recursive) discover
[0.452s] INFO:colcon.colcon_core.package_discovery:Crawling recursively for packages in '/home/andrew/rviz2_ws/src/roboarm'
[0.452s] Level 1:colcon.colcon_core.package_identification:_identify(.) by extensions ['ignore', 'ignore_ament_install']
[0.452s] Level 1:colcon.colcon_core.package_identification:_identify(.) by extension 'ignore'
[0.452s] Level 1:colcon.colcon_core.package_identification:_identify(.) by extension 'ignore_ament_install'
[0.453s] Level 1:colcon.colcon_core.package_identification:_identify(.) by extensions ['colcon_pkg']
[0.453s] Level 1:colcon.colcon_core.package_identification:_identify(.) by extension 'colcon_pkg'
[0.453s] Level 1:colcon.colcon_core.package_identification:_identify(.) by extensions ['colcon_meta']
[0.453s] Level 1:colcon.colcon_core.package_identification:_identify(.) by extension 'colcon_meta'
[0.453s] Level 1:colcon.colcon_core.package_identification:_identify(.) by extensions ['ros']
[0.453s] Level 1:colcon.colcon_core.package_identification:_identify(.) by extension 'ros'
[0.465s] DEBUG:colcon.colcon_core.package_identification:Package '.' with type 'ros.ament_cmake' and name 'roboarm'
[0.465s] Level 1:colcon.colcon_core.package_discovery:discover_packages(recursive) using defaults
[0.465s] Level 1:colcon.colcon_core.package_discovery:discover_packages(ignore) discover
[0.465s] Level 1:colcon.colcon_core.package_discovery:discover_packages(ignore) using defaults
[0.465s] Level 1:colcon.colcon_core.package_discovery:discover_packages(path) discover
[0.465s] Level 1:colcon.colcon_core.package_discovery:discover_packages(path) using defaults
[0.492s] Level 1:colcon.colcon_core.package_discovery:discover_packages(prefix_path) check parameters
[0.492s] Level 1:colcon.colcon_core.package_discovery:discover_packages(prefix_path) discover
[0.499s] DEBUG:colcon.colcon_installed_package_information.package_discovery:Found 273 installed packages in /opt/ros/humble
[0.501s] Level 1:colcon.colcon_core.package_discovery:discover_packages(prefix_path) using defaults
[0.560s] Level 5:colcon.colcon_core.verb:set package 'roboarm' build argument 'cmake_args' from command line to 'None'
[0.560s] Level 5:colcon.colcon_core.verb:set package 'roboarm' build argument 'cmake_target' from command line to 'None'
[0.560s] Level 5:colcon.colcon_core.verb:set package 'roboarm' build argument 'cmake_target_skip_unavailable' from command line to 'False'
[0.560s] Level 5:colcon.colcon_core.verb:set package 'roboarm' build argument 'cmake_clean_cache' from command line to 'False'
[0.560s] Level 5:colcon.colcon_core.verb:set package 'roboarm' build argument 'cmake_clean_first' from command line to 'False'
[0.560s] Level 5:colcon.colcon_core.verb:set package 'roboarm' build argument 'cmake_force_configure' from command line to 'False'
[0.560s] Level 5:colcon.colcon_core.verb:set package 'roboarm' build argument 'ament_cmake_args' from command line to 'None'
[0.560s] Level 5:colcon.colcon_core.verb:set package 'roboarm' build argument 'catkin_cmake_args' from command line to 'None'
[0.560s] Level 5:colcon.colcon_core.verb:set package 'roboarm' build argument 'catkin_skip_building_tests' from command line to 'False'
[0.560s] DEBUG:colcon.colcon_core.verb:Building package 'roboarm' with the following arguments: {'ament_cmake_args': None, 'build_base': '/home/andrew/rviz2_ws/src/roboarm/build/roboarm', 'catkin_cmake_args': None, 'catkin_skip_building_tests': False, 'cmake_args': None, 'cmake_clean_cache': False, 'cmake_clean_first': False, 'cmake_force_configure': False, 'cmake_target': None, 'cmake_target_skip_unavailable': False, 'install_base': '/home/andrew/rviz2_ws/src/roboarm/install/roboarm', 'merge_install': False, 'path': '/home/andrew/rviz2_ws/src/roboarm', 'symlink_install': False, 'test_result_base': None}
[0.562s] INFO:colcon.colcon_core.executor:Executing jobs using 'parallel' executor
[0.570s] DEBUG:colcon.colcon_parallel_executor.executor.parallel:run_until_complete
[0.571s] INFO:colcon.colcon_ros.task.ament_cmake.build:Building ROS package in '/home/andrew/rviz2_ws/src/roboarm' with build type 'ament_cmake'
[0.571s] INFO:colcon.colcon_cmake.task.cmake.build:Building CMake package in '/home/andrew/rviz2_ws/src/roboarm'
[0.577s] INFO:colcon.colcon_core.plugin_system:Skipping extension 'colcon_core.shell.bat': Not used on non-Windows systems
[0.577s] INFO:colcon.colcon_core.shell:Skip shell extension 'powershell' for command environment: Not usable outside of PowerShell
[0.577s] DEBUG:colcon.colcon_core.shell:Skip shell extension 'dsv' for command environment
[0.590s] DEBUG:colcon.colcon_core.event_handler.log_command:Invoking command in '/home/andrew/rviz2_ws/src/roboarm/build/roboarm': CMAKE_PREFIX_PATH=/opt/ros/humble /usr/local/bin/cmake /home/andrew/rviz2_ws/src/roboarm -DCMAKE_INSTALL_PREFIX=/home/andrew/rviz2_ws/src/roboarm/install/roboarm
[1.120s] DEBUG:colcon.colcon_core.event_handler.log_command:Invoked command in '/home/andrew/rviz2_ws/src/roboarm/build/roboarm' returned '0': CMAKE_PREFIX_PATH=/opt/ros/humble /usr/local/bin/cmake /home/andrew/rviz2_ws/src/roboarm -DCMAKE_INSTALL_PREFIX=/home/andrew/rviz2_ws/src/roboarm/install/roboarm
[1.120s] DEBUG:colcon.colcon_core.event_handler.log_command:Invoking command in '/home/andrew/rviz2_ws/src/roboarm/build/roboarm': CMAKE_PREFIX_PATH=/opt/ros/humble /usr/local/bin/cmake --build /home/andrew/rviz2_ws/src/roboarm/build/roboarm -- -j2 -l2
[1.136s] DEBUG:colcon.colcon_core.event_handler.log_command:Invoked command in '/home/andrew/rviz2_ws/src/roboarm/build/roboarm' returned '0': CMAKE_PREFIX_PATH=/opt/ros/humble /usr/local/bin/cmake --build /home/andrew/rviz2_ws/src/roboarm/build/roboarm -- -j2 -l2
[1.156s] DEBUG:colcon.colcon_core.event_handler.log_command:Invoking command in '/home/andrew/rviz2_ws/src/roboarm/build/roboarm': CMAKE_PREFIX_PATH=/opt/ros/humble /usr/local/bin/cmake --install /home/andrew/rviz2_ws/src/roboarm/build/roboarm
[1.169s] Level 1:colcon.colcon_core.environment:create_environment_scripts_only(roboarm)
[1.172s] DEBUG:colcon.colcon_core.event_handler.log_command:Invoked command in '/home/andrew/rviz2_ws/src/roboarm/build/roboarm' returned '0': CMAKE_PREFIX_PATH=/opt/ros/humble /usr/local/bin/cmake --install /home/andrew/rviz2_ws/src/roboarm/build/roboarm
[1.178s] Level 1:colcon.colcon_core.environment:checking '/home/andrew/rviz2_ws/src/roboarm/install/roboarm' for CMake module files
[1.179s] Level 1:colcon.colcon_core.environment:checking '/home/andrew/rviz2_ws/src/roboarm/install/roboarm' for CMake config files
[1.179s] Level 1:colcon.colcon_core.shell:create_environment_hook('roboarm', 'cmake_prefix_path')
[1.183s] INFO:colcon.colcon_core.shell:Creating environment hook '/home/andrew/rviz2_ws/src/roboarm/install/roboarm/share/roboarm/hook/cmake_prefix_path.ps1'
[1.183s] INFO:colcon.colcon_core.shell:Creating environment descriptor '/home/andrew/rviz2_ws/src/roboarm/install/roboarm/share/roboarm/hook/cmake_prefix_path.dsv'
[1.184s] INFO:colcon.colcon_core.shell:Creating environment hook '/home/andrew/rviz2_ws/src/roboarm/install/roboarm/share/roboarm/hook/cmake_prefix_path.sh'
[1.184s] Level 1:colcon.colcon_core.environment:checking '/home/andrew/rviz2_ws/src/roboarm/install/roboarm/bin'
[1.184s] Level 1:colcon.colcon_core.environment:checking '/home/andrew/rviz2_ws/src/roboarm/install/roboarm/lib/pkgconfig/roboarm.pc'
[1.185s] Level 1:colcon.colcon_core.environment:checking '/home/andrew/rviz2_ws/src/roboarm/install/roboarm/lib/python3.10/site-packages'
[1.185s] Level 1:colcon.colcon_core.environment:checking '/home/andrew/rviz2_ws/src/roboarm/install/roboarm/bin'
[1.188s] INFO:colcon.colcon_core.shell:Creating package script '/home/andrew/rviz2_ws/src/roboarm/install/roboarm/share/roboarm/package.ps1'
[1.189s] INFO:colcon.colcon_core.shell:Creating package descriptor '/home/andrew/rviz2_ws/src/roboarm/install/roboarm/share/roboarm/package.dsv'
[1.190s] INFO:colcon.colcon_core.shell:Creating package script '/home/andrew/rviz2_ws/src/roboarm/install/roboarm/share/roboarm/package.sh'
[1.190s] INFO:colcon.colcon_core.shell:Creating package script '/home/andrew/rviz2_ws/src/roboarm/install/roboarm/share/roboarm/package.bash'
[1.191s] INFO:colcon.colcon_core.shell:Creating package script '/home/andrew/rviz2_ws/src/roboarm/install/roboarm/share/roboarm/package.zsh'
[1.191s] Level 1:colcon.colcon_core.environment:create_file_with_runtime_dependencies(/home/andrew/rviz2_ws/src/roboarm/install/roboarm/share/colcon-core/packages/roboarm)
[1.248s] Level 1:colcon.colcon_core.environment:create_environment_scripts_only(roboarm)
[1.253s] Level 1:colcon.colcon_core.environment:checking '/home/andrew/rviz2_ws/src/roboarm/install/roboarm' for CMake module files
[1.253s] Level 1:colcon.colcon_core.environment:checking '/home/andrew/rviz2_ws/src/roboarm/install/roboarm' for CMake config files
[1.254s] Level 1:colcon.colcon_core.shell:create_environment_hook('roboarm', 'cmake_prefix_path')
[1.257s] INFO:colcon.colcon_core.shell:Creating environment hook '/home/andrew/rviz2_ws/src/roboarm/install/roboarm/share/roboarm/hook/cmake_prefix_path.ps1'
[1.258s] INFO:colcon.colcon_core.shell:Creating environment descriptor '/home/andrew/rviz2_ws/src/roboarm/install/roboarm/share/roboarm/hook/cmake_prefix_path.dsv'
[1.258s] INFO:colcon.colcon_core.shell:Creating environment hook '/home/andrew/rviz2_ws/src/roboarm/install/roboarm/share/roboarm/hook/cmake_prefix_path.sh'
[1.259s] Level 1:colcon.colcon_core.environment:checking '/home/andrew/rviz2_ws/src/roboarm/install/roboarm/bin'
[1.259s] Level 1:colcon.colcon_core.environment:checking '/home/andrew/rviz2_ws/src/roboarm/install/roboarm/lib/pkgconfig/roboarm.pc'
[1.259s] Level 1:colcon.colcon_core.environment:checking '/home/andrew/rviz2_ws/src/roboarm/install/roboarm/lib/python3.10/site-packages'
[1.259s] Level 1:colcon.colcon_core.environment:checking '/home/andrew/rviz2_ws/src/roboarm/install/roboarm/bin'
[1.263s] INFO:colcon.colcon_core.shell:Creating package script '/home/andrew/rviz2_ws/src/roboarm/install/roboarm/share/roboarm/package.ps1'
[1.263s] INFO:colcon.colcon_core.shell:Creating package descriptor '/home/andrew/rviz2_ws/src/roboarm/install/roboarm/share/roboarm/package.dsv'
[1.264s] INFO:colcon.colcon_core.shell:Creating package script '/home/andrew/rviz2_ws/src/roboarm/install/roboarm/share/roboarm/package.sh'
[1.264s] INFO:colcon.colcon_core.shell:Creating package script '/home/andrew/rviz2_ws/src/roboarm/install/roboarm/share/roboarm/package.bash'
[1.265s] INFO:colcon.colcon_core.shell:Creating package script '/home/andrew/rviz2_ws/src/roboarm/install/roboarm/share/roboarm/package.zsh'
[1.265s] Level 1:colcon.colcon_core.environment:create_file_with_runtime_dependencies(/home/andrew/rviz2_ws/src/roboarm/install/roboarm/share/colcon-core/packages/roboarm)
[1.266s] DEBUG:colcon.colcon_parallel_executor.executor.parallel:closing loop
[1.266s] DEBUG:colcon.colcon_parallel_executor.executor.parallel:loop closed
[1.266s] DEBUG:colcon.colcon_parallel_executor.executor.parallel:run_until_complete finished with '0'
[1.266s] DEBUG:colcon.colcon_core.event_reactor:joining thread
[1.274s] INFO:colcon.colcon_core.plugin_system:Skipping extension 'colcon_notification.desktop_notification.terminal_notifier': Not used on non-Darwin systems
[1.274s] INFO:colcon.colcon_core.plugin_system:Skipping extension 'colcon_notification.desktop_notification.win32': Not used on non-Windows systems
[1.274s] INFO:colcon.colcon_notification.desktop_notification:Sending desktop notification using 'notify2'
[1.286s] DEBUG:colcon.colcon_core.event_reactor:joined thread
[1.289s] INFO:colcon.colcon_core.shell:Creating prefix script '/home/andrew/rviz2_ws/src/roboarm/install/local_setup.ps1'
[1.290s] INFO:colcon.colcon_core.shell:Creating prefix util module '/home/andrew/rviz2_ws/src/roboarm/install/_local_setup_util_ps1.py'
[1.291s] INFO:colcon.colcon_core.shell:Creating prefix chain script '/home/andrew/rviz2_ws/src/roboarm/install/setup.ps1'
[1.297s] INFO:colcon.colcon_core.shell:Creating prefix script '/home/andrew/rviz2_ws/src/roboarm/install/local_setup.sh'
[1.297s] INFO:colcon.colcon_core.shell:Creating prefix util module '/home/andrew/rviz2_ws/src/roboarm/install/_local_setup_util_sh.py'
[1.298s] INFO:colcon.colcon_core.shell:Creating prefix chain script '/home/andrew/rviz2_ws/src/roboarm/install/setup.sh'
[1.302s] INFO:colcon.colcon_core.shell:Creating prefix script '/home/andrew/rviz2_ws/src/roboarm/install/local_setup.bash'
[1.303s] INFO:colcon.colcon_core.shell:Creating prefix chain script '/home/andrew/rviz2_ws/src/roboarm/install/setup.bash'
[1.308s] INFO:colcon.colcon_core.shell:Creating prefix script '/home/andrew/rviz2_ws/src/roboarm/install/local_setup.zsh'
[1.309s] INFO:colcon.colcon_core.shell:Creating prefix chain script '/home/andrew/rviz2_ws/src/roboarm/install/setup.zsh'
